<?xml version="1.0" encoding="UTF-8"?>
<!-- Generated by org.testng.reporters.JUnitXMLReporter -->
<testsuite hostname="DESKTOP-RO5AP5V" ignored="0" name="Test" tests="4" failures="2" timestamp="27 May 2020 06:01:48 GMT" time="31.421" errors="0">
  <testcase name="loginTest" time="8.111" classname="com.gurubanking.testcases.TC_LoginTest_001"/>
  <testcase name="loginTest" time="5.021" classname="com.gurubanking.testcases.TC_LoginTest_001">
    <failure type="java.lang.AssertionError" message="expected [true] but found [false]">
      <![CDATA[java.lang.AssertionError: expected [true] but found [false]
	at com.gurubanking.testcases.TC_LoginTest_001.loginTest(TC_LoginTest_001.java:30)
... Removed 29 stack frames]]>
    </failure>
  </testcase> <!-- loginTest -->
  <testcase name="loginTest" time="7.91" classname="com.gurubanking.testcases.TC_LoginTest_001">
    <failure type="java.lang.AssertionError" message="expected [true] but found [false]">
      <![CDATA[java.lang.AssertionError: expected [true] but found [false]
	at com.gurubanking.testcases.TC_LoginTest_001.loginTest(TC_LoginTest_001.java:30)
... Removed 29 stack frames]]>
    </failure>
  </testcase> <!-- loginTest -->
  <testcase name="loginTest" time="3.833" classname="com.gurubanking.testcases.TC_LoginTest_001"/>
</testsuite> <!-- Test -->
